<?xml version="1.0" encoding="UTF-8"?>
<testng-results ignored="0" total="1" passed="1" failed="0" skipped="0">
  <reporter-output>
    <line>
      <![CDATA[Login successfully!!]]>
    </line>
  </reporter-output>
  <suite started-at="2021-02-25T10:58:39 IST" name="Data Driven Test Case" finished-at="2021-02-25T10:58:48 IST" duration-ms="9601">
    <groups>
      <group name="cucumber">
        <method signature="AbstractTestNGCucumberTests.runScenario(io.cucumber.testng.PickleWrapper, io.cucumber.testng.FeatureWrapper)[pri:0, instance:com.resources.cucumberclass.TestRunner@4fb3ee4e]" name="runScenario" class="io.cucumber.testng.AbstractTestNGCucumberTests"/>
      </group> <!-- cucumber -->
    </groups>
    <test started-at="2021-02-25T10:58:39 IST" name="Run with cucumber" finished-at="2021-02-25T10:58:48 IST" duration-ms="9601">
      <class name="com.resources.cucumberclass.TestRunner">
        <test-method is-config="true" signature="setUpClass()[pri:0, instance:com.resources.cucumberclass.TestRunner@4fb3ee4e]" started-at="2021-02-25T10:58:39 IST" name="setUpClass" finished-at="2021-02-25T10:58:39 IST" duration-ms="480" status="PASS">
          <reporter-output>
          </reporter-output>
        </test-method> <!-- setUpClass -->
        <test-method signature="runScenario(io.cucumber.testng.PickleWrapper, io.cucumber.testng.FeatureWrapper)[pri:0, instance:com.resources.cucumberclass.TestRunner@4fb3ee4e]" started-at="2021-02-25T10:58:39 IST" name="runScenario" description="Runs Cucumber Scenarios" data-provider="scenarios" finished-at="2021-02-25T10:58:46 IST" duration-ms="6690" status="PASS">
          <params>
            <param index="0">
              <value>
                <![CDATA["Home Page default login"]]>
              </value>
            </param>
            <param index="1">
              <value>
                <![CDATA["Optional[Application Login]"]]>
              </value>
            </param>
          </params>
          <reporter-output>
            <line>
              <![CDATA[Login successfully!!]]>
            </line>
          </reporter-output>
        </test-method> <!-- runScenario -->
        <test-method is-config="true" signature="tearDownClass()[pri:0, instance:com.resources.cucumberclass.TestRunner@4fb3ee4e]" started-at="2021-02-25T10:58:46 IST" name="tearDownClass" finished-at="2021-02-25T10:58:48 IST" duration-ms="2421" status="PASS">
          <reporter-output>
          </reporter-output>
        </test-method> <!-- tearDownClass -->
      </class> <!-- com.resources.cucumberclass.TestRunner -->
    </test> <!-- Run with cucumber -->
  </suite> <!-- Data Driven Test Case -->
</testng-results>
